[2025-11-30 11:31:49,447: INFO: __main__: ============================================================]
[2025-11-30 11:31:49,447: INFO: __main__: MLP MODEL TRAINING]
[2025-11-30 11:31:49,447: INFO: __main__: ============================================================]
[2025-11-30 11:31:49,447: INFO: __main__: Output: /home/yui/cs/projects/research/crime-forecasting-research/src/crime_forecasting/experiments/mlp]
[2025-11-30 11:31:49,447: INFO: __main__: Device: cpu]
[2025-11-30 11:31:49,447: INFO: __main__: Config: crime_forecasting/configs/mlp_hyperparams.yaml]
[2025-11-30 11:31:49,447: INFO: __main__: ============================================================]
[2025-11-30 11:31:49,447: INFO: __main__: Loading hyperparameters from crime_forecasting/configs/mlp_hyperparams.yaml]
[2025-11-30 11:31:49,447: INFO: __main__: 
Training: portland_monthly_250]
[2025-11-30 11:31:49,448: INFO: crime_forecasting.training.train_mlp: ================================================================================]
[2025-11-30 11:31:49,448: INFO: crime_forecasting.training.train_mlp: Training: portland_monthly_250]
[2025-11-30 11:31:49,448: INFO: crime_forecasting.training.train_mlp: ================================================================================]
[2025-11-30 11:31:49,625: INFO: crime_forecasting.data.load_mlp: Loaded portland_monthly_250: 415728 samples]
[2025-11-30 11:31:49,625: INFO: crime_forecasting.training.train_mlp: Loaded 415728 samples]
[2025-11-30 11:31:49,660: INFO: crime_forecasting.data.preprocess_mlp: Temporal split at period 36: train=277152, test=138576]
[2025-11-30 11:31:49,712: INFO: crime_forecasting.data.preprocess_mlp: Fitted scaler on 277152 samples]
[2025-11-30 11:31:49,725: INFO: crime_forecasting.models.ml.mlp: MLP: 20→(128, 64)→1, dropout=0.3, bn=True]
[2025-11-30 11:31:49,729: INFO: crime_forecasting.models.ml.mlp: DataLoaders: train=277152, val=138576, batch=64]
[2025-11-30 11:31:50,607: INFO: crime_forecasting.models.ml.mlp: Trainer: lr=0.001, wd=0.0001, device=cpu]
[2025-11-30 11:31:50,607: INFO: crime_forecasting.models.ml.mlp: Training: 20 epochs, patience=15]
[2025-11-30 11:32:16,511: INFO: crime_forecasting.models.ml.mlp: Epoch 1/20: Train=3.2668, Val=2.6726, MAE=0.9022]
[2025-11-30 11:33:15,316: INFO: crime_forecasting.models.ml.mlp: Epoch 10/20: Train=2.5444, Val=2.7353, MAE=0.9549]
[2025-11-30 11:33:54,143: INFO: crime_forecasting.models.ml.mlp: Early stopping at epoch 16 (best: 1)]
[2025-11-30 11:33:54,143: INFO: crime_forecasting.models.ml.mlp: Best val loss: 2.6726 at epoch 1]
[2025-11-30 11:33:54,183: INFO: crime_forecasting.training.train_mlp: Test - MSE: 3.3738, RMSE: 1.8368, MAE: 1.0265]
[2025-11-30 11:33:54,413: INFO: crime_forecasting.training.train_mlp: Saved to /home/yui/cs/projects/research/crime-forecasting-research/src/crime_forecasting/experiments/mlp/logs/portland_monthly_250]
[2025-11-30 11:33:54,414: INFO: __main__: 
Training complete!]
