[2025-11-30 11:28:47,593: INFO: __main__: ============================================================]
[2025-11-30 11:28:47,593: INFO: __main__: MLP MODEL TRAINING]
[2025-11-30 11:28:47,593: INFO: __main__: ============================================================]
[2025-11-30 11:28:47,593: INFO: __main__: Output: /home/yui/cs/projects/research/crime-forecasting-research/src/crime_forecasting/experiments/mlp]
[2025-11-30 11:28:47,593: INFO: __main__: Device: cuda]
[2025-11-30 11:28:47,593: INFO: __main__: Config: crime_forecasting/configs/mlp_hyperparams.yaml]
[2025-11-30 11:28:47,593: INFO: __main__: ============================================================]
[2025-11-30 11:28:47,593: INFO: __main__: Loading hyperparameters from crime_forecasting/configs/mlp_hyperparams.yaml]
[2025-11-30 11:28:47,594: INFO: __main__: 
Training: portland_monthly_250]
[2025-11-30 11:28:47,594: INFO: crime_forecasting.training.train_mlp: ================================================================================]
[2025-11-30 11:28:47,594: INFO: crime_forecasting.training.train_mlp: Training: portland_monthly_250]
[2025-11-30 11:28:47,594: INFO: crime_forecasting.training.train_mlp: ================================================================================]
[2025-11-30 11:28:47,770: INFO: crime_forecasting.data.load_mlp: Loaded portland_monthly_250: 415728 samples]
[2025-11-30 11:28:47,771: INFO: crime_forecasting.training.train_mlp: Loaded 415728 samples]
[2025-11-30 11:28:47,806: INFO: crime_forecasting.data.preprocess_mlp: Temporal split at period 36: train=277152, test=138576]
[2025-11-30 11:28:47,858: INFO: crime_forecasting.data.preprocess_mlp: Fitted scaler on 277152 samples]
[2025-11-30 11:28:47,885: INFO: crime_forecasting.models.ml.mlp: MLP: 20→(128, 64)→1, dropout=0.3, bn=True]
[2025-11-30 11:28:47,892: INFO: crime_forecasting.models.ml.mlp: DataLoaders: train=277152, val=138576, batch=64]
[2025-11-30 11:28:47,896: ERROR: __main__: 
Error: Found no NVIDIA driver on your system. Please check that you have an NVIDIA GPU and installed a driver from http://www.nvidia.com/Download/index.aspx]
Traceback (most recent call last):
  File "/home/yui/cs/projects/research/crime-forecasting-research/src/scripts/run_mlp.py", line 202, in main
    train_single_model(
    ~~~~~~~~~~~~~~~~~~^
        args.dataset, args.output_dir, hyperparams, args.device
        ^^^^^^^^^^^^^^^^^^^^^^^^^^^^^^^^^^^^^^^^^^^^^^^^^^^^^^^
    )
    ^
  File "/home/yui/cs/projects/research/crime-forecasting-research/src/crime_forecasting/training/train_mlp.py", line 74, in train_single_model
    trainer = MLPTrainer(
        model,
    ...<2 lines>...
        device=device,
    )
  File "/home/yui/cs/projects/research/crime-forecasting-research/src/crime_forecasting/models/ml/mlp.py", line 84, in __init__
    self.model.to(self.device)
    ~~~~~~~~~~~~~^^^^^^^^^^^^^
  File "/home/yui/cs/projects/research/crime-forecasting-research/venv/lib/python3.13/site-packages/torch/nn/modules/module.py", line 1371, in to
    return self._apply(convert)
           ~~~~~~~~~~~^^^^^^^^^
  File "/home/yui/cs/projects/research/crime-forecasting-research/venv/lib/python3.13/site-packages/torch/nn/modules/module.py", line 930, in _apply
    module._apply(fn)
    ~~~~~~~~~~~~~^^^^
  File "/home/yui/cs/projects/research/crime-forecasting-research/venv/lib/python3.13/site-packages/torch/nn/modules/module.py", line 930, in _apply
    module._apply(fn)
    ~~~~~~~~~~~~~^^^^
  File "/home/yui/cs/projects/research/crime-forecasting-research/venv/lib/python3.13/site-packages/torch/nn/modules/module.py", line 957, in _apply
    param_applied = fn(param)
  File "/home/yui/cs/projects/research/crime-forecasting-research/venv/lib/python3.13/site-packages/torch/nn/modules/module.py", line 1357, in convert
    return t.to(
           ~~~~^
        device,
        ^^^^^^^
        dtype if t.is_floating_point() or t.is_complex() else None,
        ^^^^^^^^^^^^^^^^^^^^^^^^^^^^^^^^^^^^^^^^^^^^^^^^^^^^^^^^^^^
        non_blocking,
        ^^^^^^^^^^^^^
    )
    ^
  File "/home/yui/cs/projects/research/crime-forecasting-research/venv/lib/python3.13/site-packages/torch/cuda/__init__.py", line 410, in _lazy_init
    torch._C._cuda_init()
    ~~~~~~~~~~~~~~~~~~~^^
RuntimeError: Found no NVIDIA driver on your system. Please check that you have an NVIDIA GPU and installed a driver from http://www.nvidia.com/Download/index.aspx
