[2025-12-05 18:28:17,965: INFO: __main__: ============================================================]
[2025-12-05 18:28:17,965: INFO: __main__: MLP MODEL TRAINING]
[2025-12-05 18:28:17,965: INFO: __main__: ============================================================]
[2025-12-05 18:28:17,965: INFO: __main__: Output: /home/yui/cs/projects/research/crime-forecasting-research/src/crime_forecasting/experiments/mlp]
[2025-12-05 18:28:17,965: INFO: __main__: Device: cpu]
[2025-12-05 18:28:17,965: INFO: __main__: ============================================================]
[2025-12-05 18:28:17,965: INFO: __main__: 
Training: sarasota_monthly_500_all]
[2025-12-05 18:28:17,965: INFO: crime_forecasting.training.train_mlp: ================================================================================]
[2025-12-05 18:28:17,965: INFO: crime_forecasting.training.train_mlp: Training: sarasota_monthly_500_all]
[2025-12-05 18:28:17,965: INFO: crime_forecasting.training.train_mlp: ================================================================================]
[2025-12-05 18:28:18,019: INFO: crime_forecasting.data.load_mlp: Loaded sarasota_monthly_500_all: 126840 samples]
[2025-12-05 18:28:18,020: INFO: crime_forecasting.training.train_mlp: Loaded 126840 samples]
[2025-12-05 18:28:18,031: INFO: crime_forecasting.data.preprocess_mlp: Temporal split at period 79: train=101170, test=25670]
[2025-12-05 18:28:18,048: INFO: crime_forecasting.data.preprocess_mlp: Fitted scaler on 101170 samples]
[2025-12-05 18:28:18,063: INFO: crime_forecasting.models.ml.mlp: MLP: 20→(128, 64)→1, dropout=0.3, bn=True]
[2025-12-05 18:28:18,067: INFO: crime_forecasting.models.ml.mlp: DataLoaders: train=101170, val=25670, batch=64]
[2025-12-05 18:28:18,909: INFO: crime_forecasting.models.ml.mlp: Trainer: lr=0.0001, wd=0.0001, device=cpu]
[2025-12-05 18:28:18,909: INFO: crime_forecasting.models.ml.mlp: Training: 200 epochs, patience=20]
[2025-12-05 18:28:23,089: INFO: crime_forecasting.models.ml.mlp: Epoch 1/200: Train=0.5769, Val=0.2942, MAE=0.2277]
[2025-12-05 18:29:56,722: INFO: crime_forecasting.models.ml.mlp: Epoch 10/200: Train=0.4517, Val=0.2876, MAE=0.2208]
[2025-12-05 18:31:35,803: INFO: crime_forecasting.models.ml.mlp: Epoch 20/200: Train=0.4390, Val=0.2834, MAE=0.2233]
[2025-12-05 18:31:58,751: INFO: crime_forecasting.models.ml.mlp: Epoch 30/200: Train=0.4233, Val=0.2865, MAE=0.2240]
[2025-12-05 18:32:21,681: INFO: crime_forecasting.models.ml.mlp: Epoch 40/200: Train=0.4129, Val=0.2931, MAE=0.2184]
[2025-12-05 18:32:44,639: INFO: crime_forecasting.models.ml.mlp: Epoch 50/200: Train=0.4141, Val=0.2806, MAE=0.2207]
[2025-12-05 18:33:07,424: INFO: crime_forecasting.models.ml.mlp: Epoch 60/200: Train=0.4079, Val=0.2835, MAE=0.2344]
[2025-12-05 18:33:30,319: INFO: crime_forecasting.models.ml.mlp: Epoch 70/200: Train=0.3962, Val=0.2840, MAE=0.2414]
[2025-12-05 18:33:53,229: INFO: crime_forecasting.models.ml.mlp: Epoch 80/200: Train=0.3935, Val=0.2849, MAE=0.2439]
[2025-12-05 18:34:16,074: INFO: crime_forecasting.models.ml.mlp: Epoch 90/200: Train=0.3943, Val=0.2793, MAE=0.2440]
[2025-12-05 18:34:18,332: INFO: crime_forecasting.models.ml.mlp: Early stopping at epoch 91 (best: 71)]
[2025-12-05 18:34:18,332: INFO: crime_forecasting.models.ml.mlp: Best val loss: 0.2774 at epoch 71]
[2025-12-05 18:34:18,343: INFO: crime_forecasting.training.train_mlp: Test - MSE: 0.2795, RMSE: 0.5287, MAE: 0.2422]
[2025-12-05 18:34:18,546: INFO: crime_forecasting.training.train_mlp: Saved to /home/yui/cs/projects/research/crime-forecasting-research/src/crime_forecasting/experiments/mlp/logs/sarasota_monthly_500_all]
[2025-12-05 18:34:18,546: INFO: __main__: 
Training complete!]
