[2025-12-04 21:31:52,220: INFO: __main__: ============================================================]
[2025-12-04 21:31:52,220: INFO: __main__: MLP MODEL TRAINING]
[2025-12-04 21:31:52,220: INFO: __main__: ============================================================]
[2025-12-04 21:31:52,220: INFO: __main__: Output: /home/yui/cs/projects/research/crime-forecasting-research/src/crime_forecasting/experiments/mlp]
[2025-12-04 21:31:52,220: INFO: __main__: Device: cpu]
[2025-12-04 21:31:52,220: INFO: __main__: ============================================================]
[2025-12-04 21:31:52,220: INFO: __main__: 
Training: sarasota_monthly_500_all]
[2025-12-04 21:31:52,220: INFO: crime_forecasting.training.train_mlp: ================================================================================]
[2025-12-04 21:31:52,220: INFO: crime_forecasting.training.train_mlp: Training: sarasota_monthly_500_all]
[2025-12-04 21:31:52,220: INFO: crime_forecasting.training.train_mlp: ================================================================================]
[2025-12-04 21:31:52,332: INFO: crime_forecasting.data.load_mlp: Loaded sarasota_monthly_500_all: 126840 samples]
[2025-12-04 21:31:52,332: INFO: crime_forecasting.training.train_mlp: Loaded 126840 samples]
[2025-12-04 21:31:52,373: INFO: crime_forecasting.data.preprocess_mlp: Temporal split at period 79: train=101170, test=25670]
[2025-12-04 21:31:52,412: INFO: crime_forecasting.data.preprocess_mlp: Fitted scaler on 101170 samples]
[2025-12-04 21:31:52,433: INFO: crime_forecasting.models.ml.mlp: MLP: 20→(128, 64)→1, dropout=0.3, bn=True]
[2025-12-04 21:31:52,442: INFO: crime_forecasting.models.ml.mlp: DataLoaders: train=101170, val=25670, batch=64]
[2025-12-04 21:31:53,877: INFO: crime_forecasting.models.ml.mlp: Trainer: lr=0.0001, wd=0.0001, device=cpu]
[2025-12-04 21:31:53,877: INFO: crime_forecasting.models.ml.mlp: Training: 200 epochs, patience=20]
[2025-12-04 21:31:58,871: INFO: crime_forecasting.models.ml.mlp: Epoch 1/200: Train=0.5799, Val=0.2966, MAE=0.2241]
[2025-12-04 21:33:31,688: INFO: crime_forecasting.models.ml.mlp: Epoch 10/200: Train=0.4517, Val=0.2889, MAE=0.2110]
[2025-12-04 21:34:01,374: INFO: crime_forecasting.models.ml.mlp: Epoch 20/200: Train=0.4437, Val=0.2864, MAE=0.2214]
[2025-12-04 21:34:31,129: INFO: crime_forecasting.models.ml.mlp: Epoch 30/200: Train=0.4286, Val=0.2862, MAE=0.2242]
[2025-12-04 21:35:53,352: INFO: crime_forecasting.models.ml.mlp: Epoch 40/200: Train=0.4273, Val=0.2853, MAE=0.2255]
[2025-12-04 21:36:43,402: INFO: crime_forecasting.models.ml.mlp: Epoch 50/200: Train=0.4141, Val=0.2850, MAE=0.2408]
[2025-12-04 21:37:13,935: INFO: crime_forecasting.models.ml.mlp: Epoch 60/200: Train=0.4105, Val=0.2841, MAE=0.2430]
[2025-12-04 21:37:31,773: INFO: crime_forecasting.models.ml.mlp: Early stopping at epoch 66 (best: 46)]
[2025-12-04 21:37:31,773: INFO: crime_forecasting.models.ml.mlp: Best val loss: 0.2806 at epoch 46]
[2025-12-04 21:37:31,790: INFO: crime_forecasting.training.train_mlp: Test - MSE: 0.2855, RMSE: 0.5343, MAE: 0.2441]
[2025-12-04 21:37:32,119: INFO: crime_forecasting.training.train_mlp: Saved to /home/yui/cs/projects/research/crime-forecasting-research/src/crime_forecasting/experiments/mlp/logs/sarasota_monthly_500_all]
[2025-12-04 21:37:32,121: INFO: __main__: 
Training complete!]
