[2025-12-10 16:41:55,013: INFO: __main__: ============================================================]
[2025-12-10 16:41:55,013: INFO: __main__: MLP MODEL TRAINING]
[2025-12-10 16:41:55,013: INFO: __main__: ============================================================]
[2025-12-10 16:41:55,013: INFO: __main__: Output: /home/yui/cs/projects/research/crime-forecasting-research/src/crime_forecasting/experiments/mlp]
[2025-12-10 16:41:55,013: INFO: __main__: Device: cpu]
[2025-12-10 16:41:55,013: INFO: __main__: ============================================================]
[2025-12-10 16:41:55,013: INFO: __main__: 
Training: sarasota_monthly_500_all]
[2025-12-10 16:41:55,013: INFO: crime_forecasting.training.train_mlp: ================================================================================]
[2025-12-10 16:41:55,013: INFO: crime_forecasting.training.train_mlp: Training: sarasota_monthly_500_all]
[2025-12-10 16:41:55,013: INFO: crime_forecasting.training.train_mlp: ================================================================================]
[2025-12-10 16:41:55,083: INFO: crime_forecasting.data.load_mlp: Loaded sarasota_monthly_500_all: 126840 samples]
[2025-12-10 16:41:55,083: INFO: crime_forecasting.training.train_mlp: Loaded 126840 samples]
[2025-12-10 16:41:55,107: INFO: crime_forecasting.data.preprocess_mlp: Temporal split at period 79: train=101170, test=25670]
[2025-12-10 16:41:55,138: INFO: crime_forecasting.data.preprocess_mlp: Fitted scaler on 101170 samples]
[2025-12-10 16:41:55,153: INFO: crime_forecasting.models.ml.mlp: MLP: 20→(128, 64)→1, dropout=0.3, bn=True]
[2025-12-10 16:41:55,174: INFO: crime_forecasting.models.ml.mlp: DataLoaders: train=101170, val=25670, batch=64]
[2025-12-10 16:41:56,155: INFO: crime_forecasting.models.ml.mlp: Trainer: lr=0.0001, wd=0.0001, device=cpu]
[2025-12-10 16:41:56,155: INFO: crime_forecasting.models.ml.mlp: Training: 200 epochs, patience=20]
[2025-12-10 16:42:03,299: INFO: crime_forecasting.models.ml.mlp: Epoch 1/200: Train=0.5857, Val=0.2861, MAE=0.2257]
[2025-12-10 16:42:36,854: INFO: crime_forecasting.models.ml.mlp: Epoch 10/200: Train=0.4571, Val=0.2831, MAE=0.2345]
[2025-12-10 16:43:31,555: INFO: crime_forecasting.models.ml.mlp: Epoch 20/200: Train=0.4391, Val=0.2842, MAE=0.2211]
[2025-12-10 16:44:23,011: INFO: crime_forecasting.models.ml.mlp: Epoch 30/200: Train=0.4280, Val=0.2870, MAE=0.2283]
[2025-12-10 16:45:04,600: INFO: crime_forecasting.models.ml.mlp: Epoch 40/200: Train=0.4281, Val=0.2817, MAE=0.2244]
[2025-12-10 16:45:36,230: INFO: crime_forecasting.models.ml.mlp: Epoch 50/200: Train=0.4172, Val=0.2805, MAE=0.2275]
[2025-12-10 16:46:11,596: INFO: crime_forecasting.models.ml.mlp: Epoch 60/200: Train=0.4096, Val=0.2803, MAE=0.2284]
[2025-12-10 16:47:02,701: INFO: crime_forecasting.models.ml.mlp: Epoch 70/200: Train=0.4018, Val=0.2818, MAE=0.2413]
[2025-12-10 16:47:35,949: INFO: crime_forecasting.models.ml.mlp: Early stopping at epoch 78 (best: 58)]
[2025-12-10 16:47:35,949: INFO: crime_forecasting.models.ml.mlp: Best val loss: 0.2788 at epoch 58]
[2025-12-10 16:47:35,959: INFO: crime_forecasting.training.train_mlp: Test - MSE: 0.2831, RMSE: 0.5321, MAE: 0.2405]
[2025-12-10 16:47:36,235: INFO: crime_forecasting.training.train_mlp: Saved to /home/yui/cs/projects/research/crime-forecasting-research/src/crime_forecasting/experiments/mlp/logs/sarasota_monthly_500_all]
[2025-12-10 16:47:36,235: INFO: __main__: 
Training complete!]
